<?xml version="1.0" encoding="UTF-8"?>
<!-- Generated by org.testng.reporters.JUnitReportReporter -->
<testsuite hostname="kapil" failures="0" tests="2" name="day43.AnnotationsDemo2" time="0.011" errors="0" timestamp="2024-07-08T16:23:43 IST" skipped="0">
  <testcase classname="day43.AnnotationsDemo2" name="search" time="0.009"/>
  <testcase classname="day43.AnnotationsDemo2" name="advsearch" time="0.002"/>
</testsuite> <!-- day43.AnnotationsDemo2 -->
