<?xml version="1.0" encoding="UTF-8"?>
<!-- Generated by org.testng.reporters.JUnitReportReporter -->
<testsuite hostname="kapil" failures="0" tests="3" name="day44.SignupTests" time="0.020" errors="0" timestamp="2024-07-14T19:52:29 IST" skipped="0">
  <testcase classname="day44.SignupTests" name="signupbyemail" time="0.015"/>
  <testcase classname="day44.SignupTests" name="signupbyfb" time="0.003"/>
  <testcase classname="day44.SignupTests" name="signupbytwitter" time="0.002"/>
</testsuite> <!-- day44.SignupTests -->
