<?xml version="1.0" encoding="UTF-8"?>
<!-- Generated by org.testng.reporters.JUnitReportReporter -->
<testsuite hostname="kapil" failures="0" tests="5" name="day44.DependencyMethods" time="0.029" errors="0" timestamp="2024-09-26T14:36:54 IST" skipped="0">
  <testcase classname="day44.DependencyMethods" name="openapp" time="0.020"/>
  <testcase classname="day44.DependencyMethods" name="login" time="0.002"/>
  <testcase classname="day44.DependencyMethods" name="search" time="0.003"/>
  <testcase classname="day44.DependencyMethods" name="advsearch" time="0.002"/>
  <testcase classname="day44.DependencyMethods" name="logout" time="0.002"/>
</testsuite> <!-- day44.DependencyMethods -->
