<?xml version="1.0" encoding="UTF-8"?>
<!-- Generated by org.testng.reporters.JUnitReportReporter -->
<testsuite hostname="kapil" failures="0" tests="3" name="day45.ParamTest" time="0.076" errors="0" timestamp="2024-09-24T15:34:31 IST" skipped="0">
  <testcase classname="day45.ParamTest" name="testLogo" time="0.054"/>
  <testcase classname="day45.ParamTest" name="testTitle" time="0.011"/>
  <testcase classname="day45.ParamTest" name="testURL" time="0.011"/>
</testsuite> <!-- day45.ParamTest -->
