<?xml version="1.0" encoding="UTF-8"?>
<!-- Generated by org.testng.reporters.JUnitReportReporter -->
<testsuite hostname="kapil" failures="0" tests="2" name="day42_TestNG.Test2" time="0.013" errors="0" timestamp="2024-09-26T14:15:26 IST" skipped="0">
  <testcase classname="day42_TestNG.Test2" name="search" time="0.011"/>
  <testcase classname="day42_TestNG.Test2" name="adv_search" time="0.002"/>
</testsuite> <!-- day42_TestNG.Test2 -->
