<?xml version="1.0" encoding="UTF-8"?>
<!-- Generated by org.testng.reporters.JUnitReportReporter -->
<testsuite hostname="kapil" failures="0" tests="3" name="day42_TestNG.FirstTestCases" time="0.013" errors="0" timestamp="2024-07-07T20:34:13 IST" skipped="0">
  <testcase classname="day42_TestNG.FirstTestCases" name="openapp" time="0.010"/>
  <testcase classname="day42_TestNG.FirstTestCases" name="login" time="0.002"/>
  <testcase classname="day42_TestNG.FirstTestCases" name="logout" time="0.001"/>
</testsuite> <!-- day42_TestNG.FirstTestCases -->
