<?xml version="1.0" encoding="UTF-8"?>
<!-- Generated by org.testng.reporters.JUnitReportReporter -->
<testsuite hostname="kapil" failures="0" tests="2" name="day43.pack.c3" time="0.007" errors="0" timestamp="2024-07-08T20:32:48 IST" skipped="0">
  <testcase classname="day43.pack.c3" name="pqr" time="0.005"/>
  <testcase classname="day43.pack.c3" name="pqr" time="0.002"/>
</testsuite> <!-- day43.pack.c3 -->
