<?xml version="1.0" encoding="UTF-8"?>
<!-- Generated by org.testng.reporters.JUnitReportReporter -->
<testsuite hostname="kapil" failures="0" tests="4" name="day42_TestNG.OrangeHRMTest" time="7.722" errors="0" timestamp="2024-07-08T14:40:54 IST" skipped="0">
  <testcase classname="day42_TestNG.OrangeHRMTest" name="openapp" time="4.158"/>
  <testcase classname="day42_TestNG.OrangeHRMTest" name="testlogo" time="3.053"/>
  <testcase classname="day42_TestNG.OrangeHRMTest" name="testlogin" time="0.210"/>
  <testcase classname="day42_TestNG.OrangeHRMTest" name="closeapp" time="0.301"/>
</testsuite> <!-- day42_TestNG.OrangeHRMTest -->
