<?xml version="1.0" encoding="UTF-8"?>
<!-- Generated by org.testng.reporters.JUnitReportReporter -->
<testsuite hostname="kapil" failures="0" tests="1" name="day43.pack.Twst1" time="0.017" errors="0" timestamp="2024-09-26T14:35:47 IST" skipped="0">
  <testcase classname="day43.pack.Twst1" name="verify_name" time="0.017"/>
</testsuite> <!-- day43.pack.Twst1 -->
