<?xml version="1.0" encoding="UTF-8"?>
<!-- Generated by org.testng.reporters.JUnitReportReporter -->
<testsuite hostname="kapil" failures="0" tests="2" name="day43.AllAnnotationsDemo" time="0.013" errors="0" timestamp="2024-07-08T20:46:32 IST" skipped="0">
  <testcase classname="day43.AllAnnotationsDemo" name="search" time="0.009"/>
  <testcase classname="day43.AllAnnotationsDemo" name="advsearch" time="0.004"/>
</testsuite> <!-- day43.AllAnnotationsDemo -->
