<?xml version="1.0" encoding="UTF-8"?>
<!-- Generated by org.testng.reporters.JUnitReportReporter -->
<testsuite hostname="kapil" failures="0" tests="2" name="day43.AnnotationsDemo1" time="0.035" errors="0" timestamp="2024-07-08T16:02:04 IST" skipped="0">
  <testcase classname="day43.AnnotationsDemo1" name="search" time="0.009"/>
  <testcase classname="day43.AnnotationsDemo1" name="advsearch" time="0.026"/>
</testsuite> <!-- day43.AnnotationsDemo1 -->
