<?xml version="1.0" encoding="UTF-8"?>
<!-- Generated by org.testng.reporters.JUnitReportReporter -->
<testsuite hostname="kapil" failures="0" tests="3" name="day46.OrangeHRM" time="0.059" errors="0" timestamp="2024-08-24T13:48:15 IST" skipped="0">
  <testcase classname="day46.OrangeHRM" name="testLogo" time="0.042"/>
  <testcase classname="day46.OrangeHRM" name="testUrl" time="0.009"/>
  <testcase classname="day46.OrangeHRM" name="testHomePageTitle" time="0.008"/>
</testsuite> <!-- day46.OrangeHRM -->
