<?xml version="1.0" encoding="UTF-8"?>
<!-- Generated by org.testng.reporters.JUnitReportReporter -->
<testsuite hostname="kapil" failures="0" tests="6" name="day42_TestNG.Test1" time="16.841" errors="0" timestamp="2024-09-26T21:07:49 IST" skipped="0">
  <testcase classname="day42_TestNG.Test1" name="testLogo" time="5.065"/>
  <testcase classname="day42_TestNG.Test1" name="testLogo" time="5.046"/>
  <testcase classname="day42_TestNG.Test1" name="testLogo" time="5.038"/>
  <testcase classname="day42_TestNG.Test1" name="loginapp" time="1.213"/>
  <testcase classname="day42_TestNG.Test1" name="loginapp" time="0.261"/>
  <testcase classname="day42_TestNG.Test1" name="loginapp" time="0.218"/>
</testsuite> <!-- day42_TestNG.Test1 -->
