<?xml version="1.0" encoding="UTF-8"?>
<!-- Generated by org.testng.reporters.JUnitReportReporter -->
<testsuite hostname="kapil" failures="0" tests="2" name="day44.PaymentTests" time="0.003" errors="0" timestamp="2024-07-14T20:23:03 IST" skipped="0">
  <testcase classname="day44.PaymentTests" name="paymentinRupees" time="0.001"/>
  <testcase classname="day44.PaymentTests" name="paymentinDollars" time="0.002"/>
</testsuite> <!-- day44.PaymentTests -->
