<?xml version="1.0" encoding="UTF-8"?>
<!-- Generated by org.testng.reporters.JUnitReportReporter -->
<testsuite hostname="kapil" failures="0" tests="2" name="day43.pack.c2" time="0.004" errors="0" timestamp="2024-07-08T20:32:48 IST" skipped="0">
  <testcase classname="day43.pack.c2" name="xyz" time="0.002"/>
  <testcase classname="day43.pack.c2" name="xyz" time="0.002"/>
</testsuite> <!-- day43.pack.c2 -->
