<?xml version="1.0" encoding="UTF-8"?>
<!-- Generated by org.testng.reporters.JUnitReportReporter -->
<testsuite hostname="kapil" failures="0" tests="4" name="day44.Test1" time="0.021" errors="0" timestamp="2024-09-26T14:37:14 IST" skipped="0">
  <testcase classname="day44.Test1" name="login" time="0.014"/>
  <testcase classname="day44.Test1" name="search" time="0.002"/>
  <testcase classname="day44.Test1" name="adv_search" time="0.003"/>
  <testcase classname="day44.Test1" name="logout" time="0.002"/>
</testsuite> <!-- day44.Test1 -->
